[14:35:56] [main/INFO]: Extra: []
[14:35:56] [main/INFO]: Running with arguments: [--userProperties, {}, --assetsDir, C:/Users/calosik/.gradle/caches/minecraft/assets, --assetIndex, 1.7.10, --accessToken, {REDACTED}, --version, 1.7.10, --tweakClass, cpw.mods.fml.common.launcher.FMLTweaker, --tweakClass, net.minecraftforge.gradle.tweakers.CoremodTweaker]
[14:35:56] [main/INFO]: Loading tweak class name cpw.mods.fml.common.launcher.FMLTweaker
[14:35:56] [main/INFO]: Using primary tweak class name cpw.mods.fml.common.launcher.FMLTweaker
[14:35:56] [main/INFO]: Loading tweak class name net.minecraftforge.gradle.tweakers.CoremodTweaker
[14:35:56] [main/INFO]: Calling tweak class cpw.mods.fml.common.launcher.FMLTweaker
[14:35:56] [main/INFO]: Forge Mod Loader version 7.99.40.1614 for Minecraft 1.7.10 loading
[14:35:56] [main/INFO]: Java is Java HotSpot(TM) 64-Bit Server VM, version 1.8.0_231, running on Windows 10:amd64:10.0, installed at C:\Program Files\Java\jdk1.8.0_231\jre
[14:35:56] [main/INFO]: Managed to load a deobfuscated Minecraft name- we are in a deobfuscated environment. Skipping runtime deobfuscation
[14:35:56] [main/INFO]: Calling tweak class net.minecraftforge.gradle.tweakers.CoremodTweaker
[14:35:56] [main/INFO]: Injecting location in coremod cpw.mods.fml.relauncher.FMLCorePlugin
[14:35:56] [main/INFO]: Injecting location in coremod net.minecraftforge.classloading.FMLForgePlugin
[14:35:56] [main/INFO]: Loading tweak class name cpw.mods.fml.common.launcher.FMLInjectionAndSortingTweaker
[14:35:56] [main/INFO]: Loading tweak class name cpw.mods.fml.common.launcher.FMLDeobfTweaker
[14:35:56] [main/INFO]: Loading tweak class name net.minecraftforge.gradle.tweakers.AccessTransformerTweaker
[14:35:56] [main/INFO]: Calling tweak class cpw.mods.fml.common.launcher.FMLInjectionAndSortingTweaker
[14:35:56] [main/INFO]: Calling tweak class cpw.mods.fml.common.launcher.FMLInjectionAndSortingTweaker
[14:35:56] [main/INFO]: Calling tweak class cpw.mods.fml.relauncher.CoreModManager$FMLPluginWrapper
[14:35:56] [main/ERROR]: The binary patch set is missing. Either you are in a development environment, or things are not going to work!
[14:35:57] [main/ERROR]: FML appears to be missing any signature data. This is not a good thing
[14:35:57] [main/INFO]: Calling tweak class cpw.mods.fml.relauncher.CoreModManager$FMLPluginWrapper
[14:35:57] [main/INFO]: Calling tweak class cpw.mods.fml.common.launcher.FMLDeobfTweaker
[14:35:57] [main/INFO]: Calling tweak class net.minecraftforge.gradle.tweakers.AccessTransformerTweaker
[14:35:57] [main/INFO]: Loading tweak class name cpw.mods.fml.common.launcher.TerminalTweaker
[14:35:57] [main/INFO]: Calling tweak class cpw.mods.fml.common.launcher.TerminalTweaker
[14:35:57] [main/INFO]: Launching wrapped minecraft {net.minecraft.client.main.Main}
[14:35:57] [main/INFO]: Setting user: Player125
[14:35:58] [Client thread/INFO]: LWJGL Version: 2.9.1
[14:35:58] [Client thread/INFO]: [cpw.mods.fml.client.SplashProgress:start:188]: ---- Minecraft Crash Report ----
// Surprise! Haha. Well, this is awkward.

Time: 07.10.24 14:35
Description: Loading screen debug info

This is just a prompt for computer specs to be printed. THIS IS NOT A ERROR


A detailed walkthrough of the error, its code path and all known details is as follows:
---------------------------------------------------------------------------------------

-- System Details --
Details:
	Minecraft Version: 1.7.10
	Operating System: Windows 10 (amd64) version 10.0
	Java Version: 1.8.0_231, Oracle Corporation
	Java VM Version: Java HotSpot(TM) 64-Bit Server VM (mixed mode), Oracle Corporation
	Memory: 224936464 bytes (214 MB) / 379060224 bytes (361 MB) up to 7618953216 bytes (7266 MB)
	JVM Flags: 0 total; 
	AABB Pool Size: 0 (0 bytes; 0 MB) allocated, 0 (0 bytes; 0 MB) used
	IntCache: cache: 0, tcache: 0, allocated: 0, tallocated: 0
	FML: 
	GL info: ' Vendor: 'ATI Technologies Inc.' Version: '4.6.0 Compatibility Profile Context 24.8.1.240822' Renderer: 'AMD Radeon RX 6600'
[14:35:58] [Client thread/INFO]: Attempting early MinecraftForge initialization
[14:35:58] [Client thread/INFO]: MinecraftForge v10.13.4.1614 Initialized
[14:35:59] [Client thread/INFO]: Replaced 183 ore recipies
[14:35:59] [Client thread/INFO]: Completed early MinecraftForge initialization
[14:35:59] [Client thread/INFO]: Found 0 mods from the command line. Injecting into mod discoverer
[14:35:59] [Client thread/INFO]: Searching C:\Users\calosik\Desktop\SmrItems\eclipse\mods for mods
[14:36:02] [Client thread/ERROR]: Found a duplicate mod SmrItems at [C:\Users\calosik\Desktop\SmrItems\lib\smritems-deobf.jar, C:\Users\calosik\Desktop\SmrItems\build\libs\smritems-1.1.jar, C:\Users\calosik\Desktop\SmrItems\lib\smritems.jar]
[14:36:02] [Client thread/INFO]: Reloading ResourceManager: Default
[14:36:02] [Client thread/WARN]: There were errors previously. Not beginning mod initialization phase
[14:36:02] [Sound Library Loader/INFO]: [paulscode.sound.SoundSystemLogger:message:69]: 
[14:36:02] [Sound Library Loader/INFO]: [paulscode.sound.SoundSystemLogger:message:69]: Starting up SoundSystem...
[14:36:02] [Thread-8/INFO]: [paulscode.sound.SoundSystemLogger:message:69]: Initializing LWJGL OpenAL
[14:36:02] [Thread-8/INFO]: [paulscode.sound.SoundSystemLogger:message:69]:     (The LWJGL binding of OpenAL.  For more information, see http://www.lwjgl.org)
[14:36:02] [Thread-8/INFO]: [paulscode.sound.SoundSystemLogger:message:69]: OpenAL initialized.
[14:36:02] [Sound Library Loader/INFO]: [paulscode.sound.SoundSystemLogger:message:69]: 
[14:36:02] [Sound Library Loader/INFO]: Sound engine started
[14:36:02] [Client thread/INFO]: Created: 16x16 textures/blocks-atlas
[14:36:02] [Client thread/INFO]: Created: 16x16 textures/items-atlas
[14:36:07] [Client thread/INFO]: Stopping!
[14:36:07] [Client thread/INFO]: [paulscode.sound.SoundSystemLogger:message:69]: 
[14:36:07] [Client thread/INFO]: [paulscode.sound.SoundSystemLogger:message:69]: SoundSystem shutting down...
[14:36:08] [Client thread/INFO]: [paulscode.sound.SoundSystemLogger:importantMessage:90]:     Author: Paul Lamb, www.paulscode.com
[14:36:08] [Client thread/INFO]: [paulscode.sound.SoundSystemLogger:message:69]: 
